app/build/outputs/apk/manifest-merger-debug-report.txt
-- Merging decision tree log ---
manifest
ADDED from AndroidManifest.xml:1:1
	xmlns:android
		ADDED from AndroidManifest.xml:1:11
	package
		ADDED from AndroidManifest.xml:2:5
		INJECTED from AndroidManifest.xml:0:0
		INJECTED from AndroidManifest.xml:0:0
	android:versionName
		ADDED from AndroidManifest.xml:4:5
		INJECTED from AndroidManifest.xml:0:0
		INJECTED from AndroidManifest.xml:0:0
	android:versionCode
		ADDED from AndroidManifest.xml:3:5
		INJECTED from AndroidManifest.xml:0:0
		INJECTED from AndroidManifest.xml:0:0
uses-sdk
ADDED from AndroidManifest.xml:6:5
MERGED from com.microsoft.azure.android:azure-storage-android:0.6.0:14:38
	android:targetSdkVersion
		ADDED from AndroidManifest.xml:8:9
		INJECTED from AndroidManifest.xml:0:0
		INJECTED from AndroidManifest.xml:0:0
	android:minSdkVersion
		ADDED from AndroidManifest.xml:7:9
		INJECTED from AndroidManifest.xml:0:0
		INJECTED from AndroidManifest.xml:0:0
uses-permission#android.permission.INTERNET
ADDED from AndroidManifest.xml:11:5
MERGED from com.microsoft.azure.android:azure-storage-android:0.6.0:18:5
	android:name
		ADDED from AndroidManifest.xml:11:22
uses-feature#android.hardware.camera
ADDED from AndroidManifest.xml:12:5
	android:required
		ADDED from AndroidManifest.xml:12:58
	android:name
		ADDED from AndroidManifest.xml:12:19
uses-permission#android.permission.WRITE_EXTERNAL_STORAGE
ADDED from AndroidManifest.xml:13:5
	android:name
		ADDED from AndroidManifest.xml:13:22
uses-permission#android.permission.ACCESS_WIFI_STATE
ADDED from AndroidManifest.xml:16:5
	android:name
		ADDED from AndroidManifest.xml:16:22
uses-permission#android.permission.ACCESS_NETWORK_STATE
ADDED from AndroidManifest.xml:17:5
	android:name
		ADDED from AndroidManifest.xml:17:22
uses-permission#android.permission.READ_PHONE_STATE
ADDED from AndroidManifest.xml:20:5
	android:name
		ADDED from AndroidManifest.xml:20:22
uses-permission#android.permission.ACCESS_FINE_LOCATION
ADDED from AndroidManifest.xml:23:5
	android:name
		ADDED from AndroidManifest.xml:23:22
application
ADDED from AndroidManifest.xml:26:5
	android:label
		ADDED from AndroidManifest.xml:29:9
	android:allowBackup
		ADDED from AndroidManifest.xml:27:9
	android:icon
		ADDED from AndroidManifest.xml:28:9
	android:theme
		ADDED from AndroidManifest.xml:30:9
activity#com.example.devpact.ToDoActivity
ADDED from AndroidManifest.xml:32:9
	android:label
		ADDED from AndroidManifest.xml:33:13
	android:name
		ADDED from AndroidManifest.xml:32:19
intent-filter#android.intent.action.MAIN+android.intent.category.LAUNCHER
ADDED from AndroidManifest.xml:34:13
action#android.intent.action.MAIN
ADDED from AndroidManifest.xml:35:17
	android:name
		ADDED from AndroidManifest.xml:35:25
category#android.intent.category.LAUNCHER
ADDED from AndroidManifest.xml:36:17
	android:name
		ADDED from AndroidManifest.xml:36:27